[2025-05-22 16:11:40] local.ERROR: Connection could not be established with host gurukrupa.local :stream_socket_client(): unable to connect to tcp://gurukrupa.local:587 (Connection refused) {"exception":"[object] (Swift_TransportException(code: 0): Connection could not be established with host gurukrupa.local :stream_socket_client(): unable to connect to tcp://gurukrupa.local:587 (Connection refused) at /var/www/html/gurukrupafoodproducts/application/vendor/swiftmailer/swiftmailer/lib/classes/Swift/Transport/StreamBuffer.php:261)
[stacktrace]
#0 [internal function]: Swift_Transport_StreamBuffer->{closure}()
#1 /var/www/html/gurukrupafoodproducts/application/vendor/swiftmailer/swiftmailer/lib/classes/Swift/Transport/StreamBuffer.php(264): stream_socket_client()
#2 /var/www/html/gurukrupafoodproducts/application/vendor/swiftmailer/swiftmailer/lib/classes/Swift/Transport/StreamBuffer.php(58): Swift_Transport_StreamBuffer->establishSocketConnection()
#3 /var/www/html/gurukrupafoodproducts/application/vendor/swiftmailer/swiftmailer/lib/classes/Swift/Transport/AbstractSmtpTransport.php(143): Swift_Transport_StreamBuffer->initialize()
#4 /var/www/html/gurukrupafoodproducts/application/vendor/swiftmailer/swiftmailer/lib/classes/Swift/Mailer.php(65): Swift_Transport_AbstractSmtpTransport->start()
#5 /var/www/html/gurukrupafoodproducts/application/vendor/laravel/framework/src/Illuminate/Mail/Mailer.php(488): Swift_Mailer->send()
#6 /var/www/html/gurukrupafoodproducts/application/vendor/laravel/framework/src/Illuminate/Mail/Mailer.php(261): Illuminate\\Mail\\Mailer->sendSwiftMessage()
#7 /var/www/html/gurukrupafoodproducts/application/vendor/laravel/framework/src/Illuminate/Notifications/Channels/MailChannel.php(65): Illuminate\\Mail\\Mailer->send()
#8 /var/www/html/gurukrupafoodproducts/application/vendor/laravel/framework/src/Illuminate/Notifications/NotificationSender.php(148): Illuminate\\Notifications\\Channels\\MailChannel->send()
#9 /var/www/html/gurukrupafoodproducts/application/vendor/laravel/framework/src/Illuminate/Notifications/NotificationSender.php(106): Illuminate\\Notifications\\NotificationSender->sendToNotifiable()
#10 /var/www/html/gurukrupafoodproducts/application/vendor/laravel/framework/src/Illuminate/Support/Traits/Localizable.php(19): Illuminate\\Notifications\\NotificationSender->Illuminate\\Notifications\\{closure}()
#11 /var/www/html/gurukrupafoodproducts/application/vendor/laravel/framework/src/Illuminate/Notifications/NotificationSender.php(109): Illuminate\\Notifications\\NotificationSender->withLocale()
#12 /var/www/html/gurukrupafoodproducts/application/vendor/laravel/framework/src/Illuminate/Notifications/NotificationSender.php(79): Illuminate\\Notifications\\NotificationSender->sendNow()
#13 /var/www/html/gurukrupafoodproducts/application/vendor/laravel/framework/src/Illuminate/Notifications/ChannelManager.php(39): Illuminate\\Notifications\\NotificationSender->send()
#14 /var/www/html/gurukrupafoodproducts/application/vendor/laravel/framework/src/Illuminate/Notifications/AnonymousNotifiable.php(43): Illuminate\\Notifications\\ChannelManager->send()
#15 /var/www/html/gurukrupafoodproducts/application/app/Listeners/BackupWasSuccessfulListerner.php(40): Illuminate\\Notifications\\AnonymousNotifiable->notify()
#16 /var/www/html/gurukrupafoodproducts/application/vendor/laravel/framework/src/Illuminate/Events/Dispatcher.php(389): App\\Listeners\\BackupWasSuccessfulListerner->handle()
#17 /var/www/html/gurukrupafoodproducts/application/vendor/laravel/framework/src/Illuminate/Events/Dispatcher.php(218): Illuminate\\Events\\Dispatcher->Illuminate\\Events\\{closure}()
#18 /var/www/html/gurukrupafoodproducts/application/vendor/laravel/framework/src/Illuminate/Foundation/helpers.php(477): Illuminate\\Events\\Dispatcher->dispatch()
#19 /var/www/html/gurukrupafoodproducts/application/vendor/spatie/laravel-backup/src/Tasks/Backup/BackupJob.php(289): event()
#20 /var/www/html/gurukrupafoodproducts/application/vendor/laravel/framework/src/Illuminate/Foundation/helpers.php(707): Spatie\\Backup\\Tasks\\Backup\\BackupJob->Spatie\\Backup\\Tasks\\Backup\\{closure}()
#21 /var/www/html/gurukrupafoodproducts/application/vendor/spatie/laravel-backup/src/Tasks/Backup/BackupJob.php(292): rescue()
#22 /var/www/html/gurukrupafoodproducts/application/vendor/spatie/laravel-backup/src/Tasks/Backup/BackupJob.php(276): Spatie\\Backup\\Tasks\\Backup\\BackupJob->sendNotification()
#23 /var/www/html/gurukrupafoodproducts/application/vendor/laravel/framework/src/Illuminate/Support/Traits/EnumeratesValues.php(176): Spatie\\Backup\\Tasks\\Backup\\BackupJob->Spatie\\Backup\\Tasks\\Backup\\{closure}()
#24 /var/www/html/gurukrupafoodproducts/application/vendor/spatie/laravel-backup/src/Tasks/Backup/BackupJob.php(282): Illuminate\\Support\\Collection->each()
#25 /var/www/html/gurukrupafoodproducts/application/vendor/spatie/laravel-backup/src/Tasks/Backup/BackupJob.php(155): Spatie\\Backup\\Tasks\\Backup\\BackupJob->copyToBackupDestinations()
#26 /var/www/html/gurukrupafoodproducts/application/vendor/spatie/laravel-backup/src/Commands/BackupCommand.php(56): Spatie\\Backup\\Tasks\\Backup\\BackupJob->run()
#27 /var/www/html/gurukrupafoodproducts/application/vendor/laravel/framework/src/Illuminate/Container/BoundMethod.php(36): Spatie\\Backup\\Commands\\BackupCommand->handle()
#28 /var/www/html/gurukrupafoodproducts/application/vendor/laravel/framework/src/Illuminate/Container/Util.php(37): Illuminate\\Container\\BoundMethod::Illuminate\\Container\\{closure}()
#29 /var/www/html/gurukrupafoodproducts/application/vendor/laravel/framework/src/Illuminate/Container/BoundMethod.php(93): Illuminate\\Container\\Util::unwrapIfClosure()
#30 /var/www/html/gurukrupafoodproducts/application/vendor/laravel/framework/src/Illuminate/Container/BoundMethod.php(37): Illuminate\\Container\\BoundMethod::callBoundMethod()
#31 /var/www/html/gurukrupafoodproducts/application/vendor/laravel/framework/src/Illuminate/Container/Container.php(590): Illuminate\\Container\\BoundMethod::call()
#32 /var/www/html/gurukrupafoodproducts/application/vendor/laravel/framework/src/Illuminate/Console/Command.php(134): Illuminate\\Container\\Container->call()
#33 /var/www/html/gurukrupafoodproducts/application/vendor/symfony/console/Command/Command.php(255): Illuminate\\Console\\Command->execute()
#34 /var/www/html/gurukrupafoodproducts/application/vendor/laravel/framework/src/Illuminate/Console/Command.php(121): Symfony\\Component\\Console\\Command\\Command->run()
#35 /var/www/html/gurukrupafoodproducts/application/vendor/spatie/laravel-backup/src/Commands/BaseCommand.php(16): Illuminate\\Console\\Command->run()
#36 /var/www/html/gurukrupafoodproducts/application/vendor/symfony/console/Application.php(1021): Spatie\\Backup\\Commands\\BaseCommand->run()
#37 /var/www/html/gurukrupafoodproducts/application/vendor/symfony/console/Application.php(275): Symfony\\Component\\Console\\Application->doRunCommand()
#38 /var/www/html/gurukrupafoodproducts/application/vendor/symfony/console/Application.php(149): Symfony\\Component\\Console\\Application->doRun()
#39 /var/www/html/gurukrupafoodproducts/application/vendor/laravel/framework/src/Illuminate/Console/Application.php(93): Symfony\\Component\\Console\\Application->run()
#40 /var/www/html/gurukrupafoodproducts/application/vendor/laravel/framework/src/Illuminate/Foundation/Console/Kernel.php(131): Illuminate\\Console\\Application->run()
#41 /var/www/html/gurukrupafoodproducts/application/artisan(37): Illuminate\\Foundation\\Console\\Kernel->handle()
#42 {main}
"} 
