[2025-05-06 13:31:07] local.ERROR: Class App\Http\Controllers\Web\StockReportsController does not exist {"exception":"[object] (ReflectionException(code: -1): Class App\\Http\\Controllers\\Web\\StockReportsController does not exist at /var/www/html/gurukrupafoodproducts/application/vendor/laravel/framework/src/Illuminate/Container/Container.php:794)
[stacktrace]
#0 /var/www/html/gurukrupafoodproducts/application/vendor/laravel/framework/src/Illuminate/Container/Container.php(794): ReflectionClass->__construct()
#1 /var/www/html/gurukrupafoodproducts/application/vendor/laravel/framework/src/Illuminate/Container/Container.php(671): Illuminate\\Container\\Container->build()
#2 /var/www/html/gurukrupafoodproducts/application/vendor/laravel/framework/src/Illuminate/Container/Container.php(619): Illuminate\\Container\\Container->resolve()
#3 /var/www/html/gurukrupafoodproducts/application/vendor/laravel/framework/src/Illuminate/Foundation/Application.php(757): Illuminate\\Container\\Container->make()
#4 /var/www/html/gurukrupafoodproducts/application/vendor/laravel/framework/src/Illuminate/Routing/Route.php(233): Illuminate\\Foundation\\Application->make()
#5 /var/www/html/gurukrupafoodproducts/application/vendor/laravel/framework/src/Illuminate/Routing/Route.php(833): Illuminate\\Routing\\Route->getController()
#6 /var/www/html/gurukrupafoodproducts/application/vendor/laravel/framework/src/Illuminate/Routing/Route.php(794): Illuminate\\Routing\\Route->controllerMiddleware()
#7 /var/www/html/gurukrupafoodproducts/application/vendor/laravel/framework/src/Illuminate/Foundation/Console/RouteListCommand.php(167): Illuminate\\Routing\\Route->gatherMiddleware()
#8 /var/www/html/gurukrupafoodproducts/application/vendor/laravel/framework/src/Illuminate/Foundation/Console/RouteListCommand.php(117): Illuminate\\Foundation\\Console\\RouteListCommand->getMiddleware()
#9 /var/www/html/gurukrupafoodproducts/application/vendor/laravel/framework/src/Illuminate/Foundation/Console/RouteListCommand.php(89): Illuminate\\Foundation\\Console\\RouteListCommand->getRouteInformation()
#10 [internal function]: Illuminate\\Foundation\\Console\\RouteListCommand->Illuminate\\Foundation\\Console\\{closure}()
#11 /var/www/html/gurukrupafoodproducts/application/vendor/laravel/framework/src/Illuminate/Support/Collection.php(1064): array_map()
#12 /var/www/html/gurukrupafoodproducts/application/vendor/laravel/framework/src/Illuminate/Foundation/Console/RouteListCommand.php(90): Illuminate\\Support\\Collection->map()
#13 /var/www/html/gurukrupafoodproducts/application/vendor/laravel/framework/src/Illuminate/Foundation/Console/RouteListCommand.php(74): Illuminate\\Foundation\\Console\\RouteListCommand->getRoutes()
#14 [internal function]: Illuminate\\Foundation\\Console\\RouteListCommand->handle()
#15 /var/www/html/gurukrupafoodproducts/application/vendor/laravel/framework/src/Illuminate/Container/BoundMethod.php(32): call_user_func_array()
#16 /var/www/html/gurukrupafoodproducts/application/vendor/laravel/framework/src/Illuminate/Container/BoundMethod.php(90): Illuminate\\Container\\BoundMethod::Illuminate\\Container\\{closure}()
#17 /var/www/html/gurukrupafoodproducts/application/vendor/laravel/framework/src/Illuminate/Container/BoundMethod.php(34): Illuminate\\Container\\BoundMethod::callBoundMethod()
#18 /var/www/html/gurukrupafoodproducts/application/vendor/laravel/framework/src/Illuminate/Container/Container.php(580): Illuminate\\Container\\BoundMethod::call()
#19 /var/www/html/gurukrupafoodproducts/application/vendor/laravel/framework/src/Illuminate/Console/Command.php(183): Illuminate\\Container\\Container->call()
#20 /var/www/html/gurukrupafoodproducts/application/vendor/symfony/console/Command/Command.php(255): Illuminate\\Console\\Command->execute()
#21 /var/www/html/gurukrupafoodproducts/application/vendor/laravel/framework/src/Illuminate/Console/Command.php(170): Symfony\\Component\\Console\\Command\\Command->run()
#22 /var/www/html/gurukrupafoodproducts/application/vendor/symfony/console/Application.php(908): Illuminate\\Console\\Command->run()
#23 /var/www/html/gurukrupafoodproducts/application/vendor/symfony/console/Application.php(269): Symfony\\Component\\Console\\Application->doRunCommand()
#24 /var/www/html/gurukrupafoodproducts/application/vendor/symfony/console/Application.php(145): Symfony\\Component\\Console\\Application->doRun()
#25 /var/www/html/gurukrupafoodproducts/application/vendor/laravel/framework/src/Illuminate/Console/Application.php(90): Symfony\\Component\\Console\\Application->run()
#26 /var/www/html/gurukrupafoodproducts/application/vendor/laravel/framework/src/Illuminate/Foundation/Console/Kernel.php(122): Illuminate\\Console\\Application->run()
#27 /var/www/html/gurukrupafoodproducts/application/artisan(37): Illuminate\\Foundation\\Console\\Kernel->handle()
#28 {main}
"} 
[2025-05-06 13:31:29] local.ERROR: Class App\Http\Controllers\Web\StockReportsController does not exist {"exception":"[object] (ReflectionException(code: -1): Class App\\Http\\Controllers\\Web\\StockReportsController does not exist at /var/www/html/gurukrupafoodproducts/application/vendor/laravel/framework/src/Illuminate/Container/Container.php:794)
[stacktrace]
#0 /var/www/html/gurukrupafoodproducts/application/vendor/laravel/framework/src/Illuminate/Container/Container.php(794): ReflectionClass->__construct()
#1 /var/www/html/gurukrupafoodproducts/application/vendor/laravel/framework/src/Illuminate/Container/Container.php(671): Illuminate\\Container\\Container->build()
#2 /var/www/html/gurukrupafoodproducts/application/vendor/laravel/framework/src/Illuminate/Container/Container.php(619): Illuminate\\Container\\Container->resolve()
#3 /var/www/html/gurukrupafoodproducts/application/vendor/laravel/framework/src/Illuminate/Foundation/Application.php(757): Illuminate\\Container\\Container->make()
#4 /var/www/html/gurukrupafoodproducts/application/vendor/laravel/framework/src/Illuminate/Routing/Route.php(233): Illuminate\\Foundation\\Application->make()
#5 /var/www/html/gurukrupafoodproducts/application/vendor/laravel/framework/src/Illuminate/Routing/Route.php(833): Illuminate\\Routing\\Route->getController()
#6 /var/www/html/gurukrupafoodproducts/application/vendor/laravel/framework/src/Illuminate/Routing/Route.php(794): Illuminate\\Routing\\Route->controllerMiddleware()
#7 /var/www/html/gurukrupafoodproducts/application/vendor/laravel/framework/src/Illuminate/Foundation/Console/RouteListCommand.php(167): Illuminate\\Routing\\Route->gatherMiddleware()
#8 /var/www/html/gurukrupafoodproducts/application/vendor/laravel/framework/src/Illuminate/Foundation/Console/RouteListCommand.php(117): Illuminate\\Foundation\\Console\\RouteListCommand->getMiddleware()
#9 /var/www/html/gurukrupafoodproducts/application/vendor/laravel/framework/src/Illuminate/Foundation/Console/RouteListCommand.php(89): Illuminate\\Foundation\\Console\\RouteListCommand->getRouteInformation()
#10 [internal function]: Illuminate\\Foundation\\Console\\RouteListCommand->Illuminate\\Foundation\\Console\\{closure}()
#11 /var/www/html/gurukrupafoodproducts/application/vendor/laravel/framework/src/Illuminate/Support/Collection.php(1064): array_map()
#12 /var/www/html/gurukrupafoodproducts/application/vendor/laravel/framework/src/Illuminate/Foundation/Console/RouteListCommand.php(90): Illuminate\\Support\\Collection->map()
#13 /var/www/html/gurukrupafoodproducts/application/vendor/laravel/framework/src/Illuminate/Foundation/Console/RouteListCommand.php(74): Illuminate\\Foundation\\Console\\RouteListCommand->getRoutes()
#14 [internal function]: Illuminate\\Foundation\\Console\\RouteListCommand->handle()
#15 /var/www/html/gurukrupafoodproducts/application/vendor/laravel/framework/src/Illuminate/Container/BoundMethod.php(32): call_user_func_array()
#16 /var/www/html/gurukrupafoodproducts/application/vendor/laravel/framework/src/Illuminate/Container/BoundMethod.php(90): Illuminate\\Container\\BoundMethod::Illuminate\\Container\\{closure}()
#17 /var/www/html/gurukrupafoodproducts/application/vendor/laravel/framework/src/Illuminate/Container/BoundMethod.php(34): Illuminate\\Container\\BoundMethod::callBoundMethod()
#18 /var/www/html/gurukrupafoodproducts/application/vendor/laravel/framework/src/Illuminate/Container/Container.php(580): Illuminate\\Container\\BoundMethod::call()
#19 /var/www/html/gurukrupafoodproducts/application/vendor/laravel/framework/src/Illuminate/Console/Command.php(183): Illuminate\\Container\\Container->call()
#20 /var/www/html/gurukrupafoodproducts/application/vendor/symfony/console/Command/Command.php(255): Illuminate\\Console\\Command->execute()
#21 /var/www/html/gurukrupafoodproducts/application/vendor/laravel/framework/src/Illuminate/Console/Command.php(170): Symfony\\Component\\Console\\Command\\Command->run()
#22 /var/www/html/gurukrupafoodproducts/application/vendor/symfony/console/Application.php(908): Illuminate\\Console\\Command->run()
#23 /var/www/html/gurukrupafoodproducts/application/vendor/symfony/console/Application.php(269): Symfony\\Component\\Console\\Application->doRunCommand()
#24 /var/www/html/gurukrupafoodproducts/application/vendor/symfony/console/Application.php(145): Symfony\\Component\\Console\\Application->doRun()
#25 /var/www/html/gurukrupafoodproducts/application/vendor/laravel/framework/src/Illuminate/Console/Application.php(90): Symfony\\Component\\Console\\Application->run()
#26 /var/www/html/gurukrupafoodproducts/application/vendor/laravel/framework/src/Illuminate/Foundation/Console/Kernel.php(122): Illuminate\\Console\\Application->run()
#27 /var/www/html/gurukrupafoodproducts/application/artisan(37): Illuminate\\Foundation\\Console\\Kernel->handle()
#28 {main}
"} 
[2025-05-06 13:31:56] local.ERROR: Class App\Http\Controllers\Web\StockReportsController does not exist {"exception":"[object] (ReflectionException(code: -1): Class App\\Http\\Controllers\\Web\\StockReportsController does not exist at /var/www/html/gurukrupafoodproducts/application/vendor/laravel/framework/src/Illuminate/Container/Container.php:794)
[stacktrace]
#0 /var/www/html/gurukrupafoodproducts/application/vendor/laravel/framework/src/Illuminate/Container/Container.php(794): ReflectionClass->__construct()
#1 /var/www/html/gurukrupafoodproducts/application/vendor/laravel/framework/src/Illuminate/Container/Container.php(671): Illuminate\\Container\\Container->build()
#2 /var/www/html/gurukrupafoodproducts/application/vendor/laravel/framework/src/Illuminate/Container/Container.php(619): Illuminate\\Container\\Container->resolve()
#3 /var/www/html/gurukrupafoodproducts/application/vendor/laravel/framework/src/Illuminate/Foundation/Application.php(757): Illuminate\\Container\\Container->make()
#4 /var/www/html/gurukrupafoodproducts/application/vendor/laravel/framework/src/Illuminate/Routing/Route.php(233): Illuminate\\Foundation\\Application->make()
#5 /var/www/html/gurukrupafoodproducts/application/vendor/laravel/framework/src/Illuminate/Routing/Route.php(833): Illuminate\\Routing\\Route->getController()
#6 /var/www/html/gurukrupafoodproducts/application/vendor/laravel/framework/src/Illuminate/Routing/Route.php(794): Illuminate\\Routing\\Route->controllerMiddleware()
#7 /var/www/html/gurukrupafoodproducts/application/vendor/laravel/framework/src/Illuminate/Foundation/Console/RouteListCommand.php(167): Illuminate\\Routing\\Route->gatherMiddleware()
#8 /var/www/html/gurukrupafoodproducts/application/vendor/laravel/framework/src/Illuminate/Foundation/Console/RouteListCommand.php(117): Illuminate\\Foundation\\Console\\RouteListCommand->getMiddleware()
#9 /var/www/html/gurukrupafoodproducts/application/vendor/laravel/framework/src/Illuminate/Foundation/Console/RouteListCommand.php(89): Illuminate\\Foundation\\Console\\RouteListCommand->getRouteInformation()
#10 [internal function]: Illuminate\\Foundation\\Console\\RouteListCommand->Illuminate\\Foundation\\Console\\{closure}()
#11 /var/www/html/gurukrupafoodproducts/application/vendor/laravel/framework/src/Illuminate/Support/Collection.php(1064): array_map()
#12 /var/www/html/gurukrupafoodproducts/application/vendor/laravel/framework/src/Illuminate/Foundation/Console/RouteListCommand.php(90): Illuminate\\Support\\Collection->map()
#13 /var/www/html/gurukrupafoodproducts/application/vendor/laravel/framework/src/Illuminate/Foundation/Console/RouteListCommand.php(74): Illuminate\\Foundation\\Console\\RouteListCommand->getRoutes()
#14 [internal function]: Illuminate\\Foundation\\Console\\RouteListCommand->handle()
#15 /var/www/html/gurukrupafoodproducts/application/vendor/laravel/framework/src/Illuminate/Container/BoundMethod.php(32): call_user_func_array()
#16 /var/www/html/gurukrupafoodproducts/application/vendor/laravel/framework/src/Illuminate/Container/BoundMethod.php(90): Illuminate\\Container\\BoundMethod::Illuminate\\Container\\{closure}()
#17 /var/www/html/gurukrupafoodproducts/application/vendor/laravel/framework/src/Illuminate/Container/BoundMethod.php(34): Illuminate\\Container\\BoundMethod::callBoundMethod()
#18 /var/www/html/gurukrupafoodproducts/application/vendor/laravel/framework/src/Illuminate/Container/Container.php(580): Illuminate\\Container\\BoundMethod::call()
#19 /var/www/html/gurukrupafoodproducts/application/vendor/laravel/framework/src/Illuminate/Console/Command.php(183): Illuminate\\Container\\Container->call()
#20 /var/www/html/gurukrupafoodproducts/application/vendor/symfony/console/Command/Command.php(255): Illuminate\\Console\\Command->execute()
#21 /var/www/html/gurukrupafoodproducts/application/vendor/laravel/framework/src/Illuminate/Console/Command.php(170): Symfony\\Component\\Console\\Command\\Command->run()
#22 /var/www/html/gurukrupafoodproducts/application/vendor/symfony/console/Application.php(908): Illuminate\\Console\\Command->run()
#23 /var/www/html/gurukrupafoodproducts/application/vendor/symfony/console/Application.php(269): Symfony\\Component\\Console\\Application->doRunCommand()
#24 /var/www/html/gurukrupafoodproducts/application/vendor/symfony/console/Application.php(145): Symfony\\Component\\Console\\Application->doRun()
#25 /var/www/html/gurukrupafoodproducts/application/vendor/laravel/framework/src/Illuminate/Console/Application.php(90): Symfony\\Component\\Console\\Application->run()
#26 /var/www/html/gurukrupafoodproducts/application/vendor/laravel/framework/src/Illuminate/Foundation/Console/Kernel.php(122): Illuminate\\Console\\Application->run()
#27 /var/www/html/gurukrupafoodproducts/application/artisan(37): Illuminate\\Foundation\\Console\\Kernel->handle()
#28 {main}
"} 
