[2025-05-19 15:05:03] local.ERROR: Target class [App\Http\Controllers\Web\StockReportsController] does not exist. {"exception":"[object] (Illuminate\\Contracts\\Container\\BindingResolutionException(code: 0): Target class [App\\Http\\Controllers\\Web\\StockReportsController] does not exist. at /var/www/html/gurukrupafoodproducts/application/vendor/laravel/framework/src/Illuminate/Container/Container.php:805)
[stacktrace]
#0 /var/www/html/gurukrupafoodproducts/application/vendor/laravel/framework/src/Illuminate/Container/Container.php(681): Illuminate\\Container\\Container->build()
#1 /var/www/html/gurukrupafoodproducts/application/vendor/laravel/framework/src/Illuminate/Foundation/Application.php(787): Illuminate\\Container\\Container->resolve()
#2 /var/www/html/gurukrupafoodproducts/application/vendor/laravel/framework/src/Illuminate/Container/Container.php(629): Illuminate\\Foundation\\Application->resolve()
#3 /var/www/html/gurukrupafoodproducts/application/vendor/laravel/framework/src/Illuminate/Foundation/Application.php(772): Illuminate\\Container\\Container->make()
#4 /var/www/html/gurukrupafoodproducts/application/vendor/laravel/framework/src/Illuminate/Routing/Route.php(233): Illuminate\\Foundation\\Application->make()
#5 /var/www/html/gurukrupafoodproducts/application/vendor/laravel/framework/src/Illuminate/Routing/Route.php(833): Illuminate\\Routing\\Route->getController()
#6 /var/www/html/gurukrupafoodproducts/application/vendor/laravel/framework/src/Illuminate/Routing/Route.php(794): Illuminate\\Routing\\Route->controllerMiddleware()
#7 /var/www/html/gurukrupafoodproducts/application/vendor/laravel/framework/src/Illuminate/Foundation/Console/RouteListCommand.php(173): Illuminate\\Routing\\Route->gatherMiddleware()
#8 /var/www/html/gurukrupafoodproducts/application/vendor/laravel/framework/src/Illuminate/Foundation/Console/RouteListCommand.php(117): Illuminate\\Foundation\\Console\\RouteListCommand->getMiddleware()
#9 /var/www/html/gurukrupafoodproducts/application/vendor/laravel/framework/src/Illuminate/Foundation/Console/RouteListCommand.php(89): Illuminate\\Foundation\\Console\\RouteListCommand->getRouteInformation()
#10 [internal function]: Illuminate\\Foundation\\Console\\RouteListCommand->Illuminate\\Foundation\\Console\\{closure}()
#11 /var/www/html/gurukrupafoodproducts/application/vendor/laravel/framework/src/Illuminate/Support/Collection.php(638): array_map()
#12 /var/www/html/gurukrupafoodproducts/application/vendor/laravel/framework/src/Illuminate/Foundation/Console/RouteListCommand.php(90): Illuminate\\Support\\Collection->map()
#13 /var/www/html/gurukrupafoodproducts/application/vendor/laravel/framework/src/Illuminate/Foundation/Console/RouteListCommand.php(74): Illuminate\\Foundation\\Console\\RouteListCommand->getRoutes()
#14 /var/www/html/gurukrupafoodproducts/application/vendor/laravel/framework/src/Illuminate/Container/BoundMethod.php(36): Illuminate\\Foundation\\Console\\RouteListCommand->handle()
#15 /var/www/html/gurukrupafoodproducts/application/vendor/laravel/framework/src/Illuminate/Container/Util.php(37): Illuminate\\Container\\BoundMethod::Illuminate\\Container\\{closure}()
#16 /var/www/html/gurukrupafoodproducts/application/vendor/laravel/framework/src/Illuminate/Container/BoundMethod.php(93): Illuminate\\Container\\Util::unwrapIfClosure()
#17 /var/www/html/gurukrupafoodproducts/application/vendor/laravel/framework/src/Illuminate/Container/BoundMethod.php(37): Illuminate\\Container\\BoundMethod::callBoundMethod()
#18 /var/www/html/gurukrupafoodproducts/application/vendor/laravel/framework/src/Illuminate/Container/Container.php(590): Illuminate\\Container\\BoundMethod::call()
#19 /var/www/html/gurukrupafoodproducts/application/vendor/laravel/framework/src/Illuminate/Console/Command.php(134): Illuminate\\Container\\Container->call()
#20 /var/www/html/gurukrupafoodproducts/application/vendor/symfony/console/Command/Command.php(255): Illuminate\\Console\\Command->execute()
#21 /var/www/html/gurukrupafoodproducts/application/vendor/laravel/framework/src/Illuminate/Console/Command.php(121): Symfony\\Component\\Console\\Command\\Command->run()
#22 /var/www/html/gurukrupafoodproducts/application/vendor/symfony/console/Application.php(1021): Illuminate\\Console\\Command->run()
#23 /var/www/html/gurukrupafoodproducts/application/vendor/symfony/console/Application.php(275): Symfony\\Component\\Console\\Application->doRunCommand()
#24 /var/www/html/gurukrupafoodproducts/application/vendor/symfony/console/Application.php(149): Symfony\\Component\\Console\\Application->doRun()
#25 /var/www/html/gurukrupafoodproducts/application/vendor/laravel/framework/src/Illuminate/Console/Application.php(93): Symfony\\Component\\Console\\Application->run()
#26 /var/www/html/gurukrupafoodproducts/application/vendor/laravel/framework/src/Illuminate/Foundation/Console/Kernel.php(131): Illuminate\\Console\\Application->run()
#27 /var/www/html/gurukrupafoodproducts/application/artisan(37): Illuminate\\Foundation\\Console\\Kernel->handle()
#28 {main}

[previous exception] [object] (ReflectionException(code: -1): Class App\\Http\\Controllers\\Web\\StockReportsController does not exist at /var/www/html/gurukrupafoodproducts/application/vendor/laravel/framework/src/Illuminate/Container/Container.php:803)
[stacktrace]
#0 /var/www/html/gurukrupafoodproducts/application/vendor/laravel/framework/src/Illuminate/Container/Container.php(803): ReflectionClass->__construct()
#1 /var/www/html/gurukrupafoodproducts/application/vendor/laravel/framework/src/Illuminate/Container/Container.php(681): Illuminate\\Container\\Container->build()
#2 /var/www/html/gurukrupafoodproducts/application/vendor/laravel/framework/src/Illuminate/Foundation/Application.php(787): Illuminate\\Container\\Container->resolve()
#3 /var/www/html/gurukrupafoodproducts/application/vendor/laravel/framework/src/Illuminate/Container/Container.php(629): Illuminate\\Foundation\\Application->resolve()
#4 /var/www/html/gurukrupafoodproducts/application/vendor/laravel/framework/src/Illuminate/Foundation/Application.php(772): Illuminate\\Container\\Container->make()
#5 /var/www/html/gurukrupafoodproducts/application/vendor/laravel/framework/src/Illuminate/Routing/Route.php(233): Illuminate\\Foundation\\Application->make()
#6 /var/www/html/gurukrupafoodproducts/application/vendor/laravel/framework/src/Illuminate/Routing/Route.php(833): Illuminate\\Routing\\Route->getController()
#7 /var/www/html/gurukrupafoodproducts/application/vendor/laravel/framework/src/Illuminate/Routing/Route.php(794): Illuminate\\Routing\\Route->controllerMiddleware()
#8 /var/www/html/gurukrupafoodproducts/application/vendor/laravel/framework/src/Illuminate/Foundation/Console/RouteListCommand.php(173): Illuminate\\Routing\\Route->gatherMiddleware()
#9 /var/www/html/gurukrupafoodproducts/application/vendor/laravel/framework/src/Illuminate/Foundation/Console/RouteListCommand.php(117): Illuminate\\Foundation\\Console\\RouteListCommand->getMiddleware()
#10 /var/www/html/gurukrupafoodproducts/application/vendor/laravel/framework/src/Illuminate/Foundation/Console/RouteListCommand.php(89): Illuminate\\Foundation\\Console\\RouteListCommand->getRouteInformation()
#11 [internal function]: Illuminate\\Foundation\\Console\\RouteListCommand->Illuminate\\Foundation\\Console\\{closure}()
#12 /var/www/html/gurukrupafoodproducts/application/vendor/laravel/framework/src/Illuminate/Support/Collection.php(638): array_map()
#13 /var/www/html/gurukrupafoodproducts/application/vendor/laravel/framework/src/Illuminate/Foundation/Console/RouteListCommand.php(90): Illuminate\\Support\\Collection->map()
#14 /var/www/html/gurukrupafoodproducts/application/vendor/laravel/framework/src/Illuminate/Foundation/Console/RouteListCommand.php(74): Illuminate\\Foundation\\Console\\RouteListCommand->getRoutes()
#15 /var/www/html/gurukrupafoodproducts/application/vendor/laravel/framework/src/Illuminate/Container/BoundMethod.php(36): Illuminate\\Foundation\\Console\\RouteListCommand->handle()
#16 /var/www/html/gurukrupafoodproducts/application/vendor/laravel/framework/src/Illuminate/Container/Util.php(37): Illuminate\\Container\\BoundMethod::Illuminate\\Container\\{closure}()
#17 /var/www/html/gurukrupafoodproducts/application/vendor/laravel/framework/src/Illuminate/Container/BoundMethod.php(93): Illuminate\\Container\\Util::unwrapIfClosure()
#18 /var/www/html/gurukrupafoodproducts/application/vendor/laravel/framework/src/Illuminate/Container/BoundMethod.php(37): Illuminate\\Container\\BoundMethod::callBoundMethod()
#19 /var/www/html/gurukrupafoodproducts/application/vendor/laravel/framework/src/Illuminate/Container/Container.php(590): Illuminate\\Container\\BoundMethod::call()
#20 /var/www/html/gurukrupafoodproducts/application/vendor/laravel/framework/src/Illuminate/Console/Command.php(134): Illuminate\\Container\\Container->call()
#21 /var/www/html/gurukrupafoodproducts/application/vendor/symfony/console/Command/Command.php(255): Illuminate\\Console\\Command->execute()
#22 /var/www/html/gurukrupafoodproducts/application/vendor/laravel/framework/src/Illuminate/Console/Command.php(121): Symfony\\Component\\Console\\Command\\Command->run()
#23 /var/www/html/gurukrupafoodproducts/application/vendor/symfony/console/Application.php(1021): Illuminate\\Console\\Command->run()
#24 /var/www/html/gurukrupafoodproducts/application/vendor/symfony/console/Application.php(275): Symfony\\Component\\Console\\Application->doRunCommand()
#25 /var/www/html/gurukrupafoodproducts/application/vendor/symfony/console/Application.php(149): Symfony\\Component\\Console\\Application->doRun()
#26 /var/www/html/gurukrupafoodproducts/application/vendor/laravel/framework/src/Illuminate/Console/Application.php(93): Symfony\\Component\\Console\\Application->run()
#27 /var/www/html/gurukrupafoodproducts/application/vendor/laravel/framework/src/Illuminate/Foundation/Console/Kernel.php(131): Illuminate\\Console\\Application->run()
#28 /var/www/html/gurukrupafoodproducts/application/artisan(37): Illuminate\\Foundation\\Console\\Kernel->handle()
#29 {main}
"} 
[2025-05-19 15:08:39] local.ERROR: Target class [App\Http\Controllers\Web\StockReportsController] does not exist. {"exception":"[object] (Illuminate\\Contracts\\Container\\BindingResolutionException(code: 0): Target class [App\\Http\\Controllers\\Web\\StockReportsController] does not exist. at /var/www/html/gurukrupafoodproducts/application/vendor/laravel/framework/src/Illuminate/Container/Container.php:805)
[stacktrace]
#0 /var/www/html/gurukrupafoodproducts/application/vendor/laravel/framework/src/Illuminate/Container/Container.php(681): Illuminate\\Container\\Container->build()
#1 /var/www/html/gurukrupafoodproducts/application/vendor/laravel/framework/src/Illuminate/Foundation/Application.php(787): Illuminate\\Container\\Container->resolve()
#2 /var/www/html/gurukrupafoodproducts/application/vendor/laravel/framework/src/Illuminate/Container/Container.php(629): Illuminate\\Foundation\\Application->resolve()
#3 /var/www/html/gurukrupafoodproducts/application/vendor/laravel/framework/src/Illuminate/Foundation/Application.php(772): Illuminate\\Container\\Container->make()
#4 /var/www/html/gurukrupafoodproducts/application/vendor/laravel/framework/src/Illuminate/Routing/Route.php(233): Illuminate\\Foundation\\Application->make()
#5 /var/www/html/gurukrupafoodproducts/application/vendor/laravel/framework/src/Illuminate/Routing/Route.php(833): Illuminate\\Routing\\Route->getController()
#6 /var/www/html/gurukrupafoodproducts/application/vendor/laravel/framework/src/Illuminate/Routing/Route.php(794): Illuminate\\Routing\\Route->controllerMiddleware()
#7 /var/www/html/gurukrupafoodproducts/application/vendor/laravel/framework/src/Illuminate/Foundation/Console/RouteListCommand.php(173): Illuminate\\Routing\\Route->gatherMiddleware()
#8 /var/www/html/gurukrupafoodproducts/application/vendor/laravel/framework/src/Illuminate/Foundation/Console/RouteListCommand.php(117): Illuminate\\Foundation\\Console\\RouteListCommand->getMiddleware()
#9 /var/www/html/gurukrupafoodproducts/application/vendor/laravel/framework/src/Illuminate/Foundation/Console/RouteListCommand.php(89): Illuminate\\Foundation\\Console\\RouteListCommand->getRouteInformation()
#10 [internal function]: Illuminate\\Foundation\\Console\\RouteListCommand->Illuminate\\Foundation\\Console\\{closure}()
#11 /var/www/html/gurukrupafoodproducts/application/vendor/laravel/framework/src/Illuminate/Support/Collection.php(638): array_map()
#12 /var/www/html/gurukrupafoodproducts/application/vendor/laravel/framework/src/Illuminate/Foundation/Console/RouteListCommand.php(90): Illuminate\\Support\\Collection->map()
#13 /var/www/html/gurukrupafoodproducts/application/vendor/laravel/framework/src/Illuminate/Foundation/Console/RouteListCommand.php(74): Illuminate\\Foundation\\Console\\RouteListCommand->getRoutes()
#14 /var/www/html/gurukrupafoodproducts/application/vendor/laravel/framework/src/Illuminate/Container/BoundMethod.php(36): Illuminate\\Foundation\\Console\\RouteListCommand->handle()
#15 /var/www/html/gurukrupafoodproducts/application/vendor/laravel/framework/src/Illuminate/Container/Util.php(37): Illuminate\\Container\\BoundMethod::Illuminate\\Container\\{closure}()
#16 /var/www/html/gurukrupafoodproducts/application/vendor/laravel/framework/src/Illuminate/Container/BoundMethod.php(93): Illuminate\\Container\\Util::unwrapIfClosure()
#17 /var/www/html/gurukrupafoodproducts/application/vendor/laravel/framework/src/Illuminate/Container/BoundMethod.php(37): Illuminate\\Container\\BoundMethod::callBoundMethod()
#18 /var/www/html/gurukrupafoodproducts/application/vendor/laravel/framework/src/Illuminate/Container/Container.php(590): Illuminate\\Container\\BoundMethod::call()
#19 /var/www/html/gurukrupafoodproducts/application/vendor/laravel/framework/src/Illuminate/Console/Command.php(134): Illuminate\\Container\\Container->call()
#20 /var/www/html/gurukrupafoodproducts/application/vendor/symfony/console/Command/Command.php(255): Illuminate\\Console\\Command->execute()
#21 /var/www/html/gurukrupafoodproducts/application/vendor/laravel/framework/src/Illuminate/Console/Command.php(121): Symfony\\Component\\Console\\Command\\Command->run()
#22 /var/www/html/gurukrupafoodproducts/application/vendor/symfony/console/Application.php(1021): Illuminate\\Console\\Command->run()
#23 /var/www/html/gurukrupafoodproducts/application/vendor/symfony/console/Application.php(275): Symfony\\Component\\Console\\Application->doRunCommand()
#24 /var/www/html/gurukrupafoodproducts/application/vendor/symfony/console/Application.php(149): Symfony\\Component\\Console\\Application->doRun()
#25 /var/www/html/gurukrupafoodproducts/application/vendor/laravel/framework/src/Illuminate/Console/Application.php(93): Symfony\\Component\\Console\\Application->run()
#26 /var/www/html/gurukrupafoodproducts/application/vendor/laravel/framework/src/Illuminate/Foundation/Console/Kernel.php(131): Illuminate\\Console\\Application->run()
#27 /var/www/html/gurukrupafoodproducts/application/artisan(37): Illuminate\\Foundation\\Console\\Kernel->handle()
#28 {main}

[previous exception] [object] (ReflectionException(code: -1): Class App\\Http\\Controllers\\Web\\StockReportsController does not exist at /var/www/html/gurukrupafoodproducts/application/vendor/laravel/framework/src/Illuminate/Container/Container.php:803)
[stacktrace]
#0 /var/www/html/gurukrupafoodproducts/application/vendor/laravel/framework/src/Illuminate/Container/Container.php(803): ReflectionClass->__construct()
#1 /var/www/html/gurukrupafoodproducts/application/vendor/laravel/framework/src/Illuminate/Container/Container.php(681): Illuminate\\Container\\Container->build()
#2 /var/www/html/gurukrupafoodproducts/application/vendor/laravel/framework/src/Illuminate/Foundation/Application.php(787): Illuminate\\Container\\Container->resolve()
#3 /var/www/html/gurukrupafoodproducts/application/vendor/laravel/framework/src/Illuminate/Container/Container.php(629): Illuminate\\Foundation\\Application->resolve()
#4 /var/www/html/gurukrupafoodproducts/application/vendor/laravel/framework/src/Illuminate/Foundation/Application.php(772): Illuminate\\Container\\Container->make()
#5 /var/www/html/gurukrupafoodproducts/application/vendor/laravel/framework/src/Illuminate/Routing/Route.php(233): Illuminate\\Foundation\\Application->make()
#6 /var/www/html/gurukrupafoodproducts/application/vendor/laravel/framework/src/Illuminate/Routing/Route.php(833): Illuminate\\Routing\\Route->getController()
#7 /var/www/html/gurukrupafoodproducts/application/vendor/laravel/framework/src/Illuminate/Routing/Route.php(794): Illuminate\\Routing\\Route->controllerMiddleware()
#8 /var/www/html/gurukrupafoodproducts/application/vendor/laravel/framework/src/Illuminate/Foundation/Console/RouteListCommand.php(173): Illuminate\\Routing\\Route->gatherMiddleware()
#9 /var/www/html/gurukrupafoodproducts/application/vendor/laravel/framework/src/Illuminate/Foundation/Console/RouteListCommand.php(117): Illuminate\\Foundation\\Console\\RouteListCommand->getMiddleware()
#10 /var/www/html/gurukrupafoodproducts/application/vendor/laravel/framework/src/Illuminate/Foundation/Console/RouteListCommand.php(89): Illuminate\\Foundation\\Console\\RouteListCommand->getRouteInformation()
#11 [internal function]: Illuminate\\Foundation\\Console\\RouteListCommand->Illuminate\\Foundation\\Console\\{closure}()
#12 /var/www/html/gurukrupafoodproducts/application/vendor/laravel/framework/src/Illuminate/Support/Collection.php(638): array_map()
#13 /var/www/html/gurukrupafoodproducts/application/vendor/laravel/framework/src/Illuminate/Foundation/Console/RouteListCommand.php(90): Illuminate\\Support\\Collection->map()
#14 /var/www/html/gurukrupafoodproducts/application/vendor/laravel/framework/src/Illuminate/Foundation/Console/RouteListCommand.php(74): Illuminate\\Foundation\\Console\\RouteListCommand->getRoutes()
#15 /var/www/html/gurukrupafoodproducts/application/vendor/laravel/framework/src/Illuminate/Container/BoundMethod.php(36): Illuminate\\Foundation\\Console\\RouteListCommand->handle()
#16 /var/www/html/gurukrupafoodproducts/application/vendor/laravel/framework/src/Illuminate/Container/Util.php(37): Illuminate\\Container\\BoundMethod::Illuminate\\Container\\{closure}()
#17 /var/www/html/gurukrupafoodproducts/application/vendor/laravel/framework/src/Illuminate/Container/BoundMethod.php(93): Illuminate\\Container\\Util::unwrapIfClosure()
#18 /var/www/html/gurukrupafoodproducts/application/vendor/laravel/framework/src/Illuminate/Container/BoundMethod.php(37): Illuminate\\Container\\BoundMethod::callBoundMethod()
#19 /var/www/html/gurukrupafoodproducts/application/vendor/laravel/framework/src/Illuminate/Container/Container.php(590): Illuminate\\Container\\BoundMethod::call()
#20 /var/www/html/gurukrupafoodproducts/application/vendor/laravel/framework/src/Illuminate/Console/Command.php(134): Illuminate\\Container\\Container->call()
#21 /var/www/html/gurukrupafoodproducts/application/vendor/symfony/console/Command/Command.php(255): Illuminate\\Console\\Command->execute()
#22 /var/www/html/gurukrupafoodproducts/application/vendor/laravel/framework/src/Illuminate/Console/Command.php(121): Symfony\\Component\\Console\\Command\\Command->run()
#23 /var/www/html/gurukrupafoodproducts/application/vendor/symfony/console/Application.php(1021): Illuminate\\Console\\Command->run()
#24 /var/www/html/gurukrupafoodproducts/application/vendor/symfony/console/Application.php(275): Symfony\\Component\\Console\\Application->doRunCommand()
#25 /var/www/html/gurukrupafoodproducts/application/vendor/symfony/console/Application.php(149): Symfony\\Component\\Console\\Application->doRun()
#26 /var/www/html/gurukrupafoodproducts/application/vendor/laravel/framework/src/Illuminate/Console/Application.php(93): Symfony\\Component\\Console\\Application->run()
#27 /var/www/html/gurukrupafoodproducts/application/vendor/laravel/framework/src/Illuminate/Foundation/Console/Kernel.php(131): Illuminate\\Console\\Application->run()
#28 /var/www/html/gurukrupafoodproducts/application/artisan(37): Illuminate\\Foundation\\Console\\Kernel->handle()
#29 {main}
"} 
[2025-05-19 15:09:19] local.ERROR: Target class [App\Http\Controllers\Web\StockReportsController] does not exist. {"exception":"[object] (Illuminate\\Contracts\\Container\\BindingResolutionException(code: 0): Target class [App\\Http\\Controllers\\Web\\StockReportsController] does not exist. at /var/www/html/gurukrupafoodproducts/application/vendor/laravel/framework/src/Illuminate/Container/Container.php:805)
[stacktrace]
#0 /var/www/html/gurukrupafoodproducts/application/vendor/laravel/framework/src/Illuminate/Container/Container.php(681): Illuminate\\Container\\Container->build()
#1 /var/www/html/gurukrupafoodproducts/application/vendor/laravel/framework/src/Illuminate/Foundation/Application.php(787): Illuminate\\Container\\Container->resolve()
#2 /var/www/html/gurukrupafoodproducts/application/vendor/laravel/framework/src/Illuminate/Container/Container.php(629): Illuminate\\Foundation\\Application->resolve()
#3 /var/www/html/gurukrupafoodproducts/application/vendor/laravel/framework/src/Illuminate/Foundation/Application.php(772): Illuminate\\Container\\Container->make()
#4 /var/www/html/gurukrupafoodproducts/application/vendor/laravel/framework/src/Illuminate/Routing/Route.php(233): Illuminate\\Foundation\\Application->make()
#5 /var/www/html/gurukrupafoodproducts/application/vendor/laravel/framework/src/Illuminate/Routing/Route.php(833): Illuminate\\Routing\\Route->getController()
#6 /var/www/html/gurukrupafoodproducts/application/vendor/laravel/framework/src/Illuminate/Routing/Route.php(794): Illuminate\\Routing\\Route->controllerMiddleware()
#7 /var/www/html/gurukrupafoodproducts/application/vendor/laravel/framework/src/Illuminate/Foundation/Console/RouteListCommand.php(173): Illuminate\\Routing\\Route->gatherMiddleware()
#8 /var/www/html/gurukrupafoodproducts/application/vendor/laravel/framework/src/Illuminate/Foundation/Console/RouteListCommand.php(117): Illuminate\\Foundation\\Console\\RouteListCommand->getMiddleware()
#9 /var/www/html/gurukrupafoodproducts/application/vendor/laravel/framework/src/Illuminate/Foundation/Console/RouteListCommand.php(89): Illuminate\\Foundation\\Console\\RouteListCommand->getRouteInformation()
#10 [internal function]: Illuminate\\Foundation\\Console\\RouteListCommand->Illuminate\\Foundation\\Console\\{closure}()
#11 /var/www/html/gurukrupafoodproducts/application/vendor/laravel/framework/src/Illuminate/Support/Collection.php(638): array_map()
#12 /var/www/html/gurukrupafoodproducts/application/vendor/laravel/framework/src/Illuminate/Foundation/Console/RouteListCommand.php(90): Illuminate\\Support\\Collection->map()
#13 /var/www/html/gurukrupafoodproducts/application/vendor/laravel/framework/src/Illuminate/Foundation/Console/RouteListCommand.php(74): Illuminate\\Foundation\\Console\\RouteListCommand->getRoutes()
#14 /var/www/html/gurukrupafoodproducts/application/vendor/laravel/framework/src/Illuminate/Container/BoundMethod.php(36): Illuminate\\Foundation\\Console\\RouteListCommand->handle()
#15 /var/www/html/gurukrupafoodproducts/application/vendor/laravel/framework/src/Illuminate/Container/Util.php(37): Illuminate\\Container\\BoundMethod::Illuminate\\Container\\{closure}()
#16 /var/www/html/gurukrupafoodproducts/application/vendor/laravel/framework/src/Illuminate/Container/BoundMethod.php(93): Illuminate\\Container\\Util::unwrapIfClosure()
#17 /var/www/html/gurukrupafoodproducts/application/vendor/laravel/framework/src/Illuminate/Container/BoundMethod.php(37): Illuminate\\Container\\BoundMethod::callBoundMethod()
#18 /var/www/html/gurukrupafoodproducts/application/vendor/laravel/framework/src/Illuminate/Container/Container.php(590): Illuminate\\Container\\BoundMethod::call()
#19 /var/www/html/gurukrupafoodproducts/application/vendor/laravel/framework/src/Illuminate/Console/Command.php(134): Illuminate\\Container\\Container->call()
#20 /var/www/html/gurukrupafoodproducts/application/vendor/symfony/console/Command/Command.php(255): Illuminate\\Console\\Command->execute()
#21 /var/www/html/gurukrupafoodproducts/application/vendor/laravel/framework/src/Illuminate/Console/Command.php(121): Symfony\\Component\\Console\\Command\\Command->run()
#22 /var/www/html/gurukrupafoodproducts/application/vendor/symfony/console/Application.php(1021): Illuminate\\Console\\Command->run()
#23 /var/www/html/gurukrupafoodproducts/application/vendor/symfony/console/Application.php(275): Symfony\\Component\\Console\\Application->doRunCommand()
#24 /var/www/html/gurukrupafoodproducts/application/vendor/symfony/console/Application.php(149): Symfony\\Component\\Console\\Application->doRun()
#25 /var/www/html/gurukrupafoodproducts/application/vendor/laravel/framework/src/Illuminate/Console/Application.php(93): Symfony\\Component\\Console\\Application->run()
#26 /var/www/html/gurukrupafoodproducts/application/vendor/laravel/framework/src/Illuminate/Foundation/Console/Kernel.php(131): Illuminate\\Console\\Application->run()
#27 /var/www/html/gurukrupafoodproducts/application/artisan(37): Illuminate\\Foundation\\Console\\Kernel->handle()
#28 {main}

[previous exception] [object] (ReflectionException(code: -1): Class App\\Http\\Controllers\\Web\\StockReportsController does not exist at /var/www/html/gurukrupafoodproducts/application/vendor/laravel/framework/src/Illuminate/Container/Container.php:803)
[stacktrace]
#0 /var/www/html/gurukrupafoodproducts/application/vendor/laravel/framework/src/Illuminate/Container/Container.php(803): ReflectionClass->__construct()
#1 /var/www/html/gurukrupafoodproducts/application/vendor/laravel/framework/src/Illuminate/Container/Container.php(681): Illuminate\\Container\\Container->build()
#2 /var/www/html/gurukrupafoodproducts/application/vendor/laravel/framework/src/Illuminate/Foundation/Application.php(787): Illuminate\\Container\\Container->resolve()
#3 /var/www/html/gurukrupafoodproducts/application/vendor/laravel/framework/src/Illuminate/Container/Container.php(629): Illuminate\\Foundation\\Application->resolve()
#4 /var/www/html/gurukrupafoodproducts/application/vendor/laravel/framework/src/Illuminate/Foundation/Application.php(772): Illuminate\\Container\\Container->make()
#5 /var/www/html/gurukrupafoodproducts/application/vendor/laravel/framework/src/Illuminate/Routing/Route.php(233): Illuminate\\Foundation\\Application->make()
#6 /var/www/html/gurukrupafoodproducts/application/vendor/laravel/framework/src/Illuminate/Routing/Route.php(833): Illuminate\\Routing\\Route->getController()
#7 /var/www/html/gurukrupafoodproducts/application/vendor/laravel/framework/src/Illuminate/Routing/Route.php(794): Illuminate\\Routing\\Route->controllerMiddleware()
#8 /var/www/html/gurukrupafoodproducts/application/vendor/laravel/framework/src/Illuminate/Foundation/Console/RouteListCommand.php(173): Illuminate\\Routing\\Route->gatherMiddleware()
#9 /var/www/html/gurukrupafoodproducts/application/vendor/laravel/framework/src/Illuminate/Foundation/Console/RouteListCommand.php(117): Illuminate\\Foundation\\Console\\RouteListCommand->getMiddleware()
#10 /var/www/html/gurukrupafoodproducts/application/vendor/laravel/framework/src/Illuminate/Foundation/Console/RouteListCommand.php(89): Illuminate\\Foundation\\Console\\RouteListCommand->getRouteInformation()
#11 [internal function]: Illuminate\\Foundation\\Console\\RouteListCommand->Illuminate\\Foundation\\Console\\{closure}()
#12 /var/www/html/gurukrupafoodproducts/application/vendor/laravel/framework/src/Illuminate/Support/Collection.php(638): array_map()
#13 /var/www/html/gurukrupafoodproducts/application/vendor/laravel/framework/src/Illuminate/Foundation/Console/RouteListCommand.php(90): Illuminate\\Support\\Collection->map()
#14 /var/www/html/gurukrupafoodproducts/application/vendor/laravel/framework/src/Illuminate/Foundation/Console/RouteListCommand.php(74): Illuminate\\Foundation\\Console\\RouteListCommand->getRoutes()
#15 /var/www/html/gurukrupafoodproducts/application/vendor/laravel/framework/src/Illuminate/Container/BoundMethod.php(36): Illuminate\\Foundation\\Console\\RouteListCommand->handle()
#16 /var/www/html/gurukrupafoodproducts/application/vendor/laravel/framework/src/Illuminate/Container/Util.php(37): Illuminate\\Container\\BoundMethod::Illuminate\\Container\\{closure}()
#17 /var/www/html/gurukrupafoodproducts/application/vendor/laravel/framework/src/Illuminate/Container/BoundMethod.php(93): Illuminate\\Container\\Util::unwrapIfClosure()
#18 /var/www/html/gurukrupafoodproducts/application/vendor/laravel/framework/src/Illuminate/Container/BoundMethod.php(37): Illuminate\\Container\\BoundMethod::callBoundMethod()
#19 /var/www/html/gurukrupafoodproducts/application/vendor/laravel/framework/src/Illuminate/Container/Container.php(590): Illuminate\\Container\\BoundMethod::call()
#20 /var/www/html/gurukrupafoodproducts/application/vendor/laravel/framework/src/Illuminate/Console/Command.php(134): Illuminate\\Container\\Container->call()
#21 /var/www/html/gurukrupafoodproducts/application/vendor/symfony/console/Command/Command.php(255): Illuminate\\Console\\Command->execute()
#22 /var/www/html/gurukrupafoodproducts/application/vendor/laravel/framework/src/Illuminate/Console/Command.php(121): Symfony\\Component\\Console\\Command\\Command->run()
#23 /var/www/html/gurukrupafoodproducts/application/vendor/symfony/console/Application.php(1021): Illuminate\\Console\\Command->run()
#24 /var/www/html/gurukrupafoodproducts/application/vendor/symfony/console/Application.php(275): Symfony\\Component\\Console\\Application->doRunCommand()
#25 /var/www/html/gurukrupafoodproducts/application/vendor/symfony/console/Application.php(149): Symfony\\Component\\Console\\Application->doRun()
#26 /var/www/html/gurukrupafoodproducts/application/vendor/laravel/framework/src/Illuminate/Console/Application.php(93): Symfony\\Component\\Console\\Application->run()
#27 /var/www/html/gurukrupafoodproducts/application/vendor/laravel/framework/src/Illuminate/Foundation/Console/Kernel.php(131): Illuminate\\Console\\Application->run()
#28 /var/www/html/gurukrupafoodproducts/application/artisan(37): Illuminate\\Foundation\\Console\\Kernel->handle()
#29 {main}
"} 
[2025-05-19 15:09:44] local.ERROR: Target class [App\Http\Controllers\Web\StockReportsController] does not exist. {"exception":"[object] (Illuminate\\Contracts\\Container\\BindingResolutionException(code: 0): Target class [App\\Http\\Controllers\\Web\\StockReportsController] does not exist. at /var/www/html/gurukrupafoodproducts/application/vendor/laravel/framework/src/Illuminate/Container/Container.php:805)
[stacktrace]
#0 /var/www/html/gurukrupafoodproducts/application/vendor/laravel/framework/src/Illuminate/Container/Container.php(681): Illuminate\\Container\\Container->build()
#1 /var/www/html/gurukrupafoodproducts/application/vendor/laravel/framework/src/Illuminate/Foundation/Application.php(787): Illuminate\\Container\\Container->resolve()
#2 /var/www/html/gurukrupafoodproducts/application/vendor/laravel/framework/src/Illuminate/Container/Container.php(629): Illuminate\\Foundation\\Application->resolve()
#3 /var/www/html/gurukrupafoodproducts/application/vendor/laravel/framework/src/Illuminate/Foundation/Application.php(772): Illuminate\\Container\\Container->make()
#4 /var/www/html/gurukrupafoodproducts/application/vendor/laravel/framework/src/Illuminate/Routing/Route.php(233): Illuminate\\Foundation\\Application->make()
#5 /var/www/html/gurukrupafoodproducts/application/vendor/laravel/framework/src/Illuminate/Routing/Route.php(833): Illuminate\\Routing\\Route->getController()
#6 /var/www/html/gurukrupafoodproducts/application/vendor/laravel/framework/src/Illuminate/Routing/Route.php(794): Illuminate\\Routing\\Route->controllerMiddleware()
#7 /var/www/html/gurukrupafoodproducts/application/vendor/laravel/framework/src/Illuminate/Foundation/Console/RouteListCommand.php(173): Illuminate\\Routing\\Route->gatherMiddleware()
#8 /var/www/html/gurukrupafoodproducts/application/vendor/laravel/framework/src/Illuminate/Foundation/Console/RouteListCommand.php(117): Illuminate\\Foundation\\Console\\RouteListCommand->getMiddleware()
#9 /var/www/html/gurukrupafoodproducts/application/vendor/laravel/framework/src/Illuminate/Foundation/Console/RouteListCommand.php(89): Illuminate\\Foundation\\Console\\RouteListCommand->getRouteInformation()
#10 [internal function]: Illuminate\\Foundation\\Console\\RouteListCommand->Illuminate\\Foundation\\Console\\{closure}()
#11 /var/www/html/gurukrupafoodproducts/application/vendor/laravel/framework/src/Illuminate/Support/Collection.php(638): array_map()
#12 /var/www/html/gurukrupafoodproducts/application/vendor/laravel/framework/src/Illuminate/Foundation/Console/RouteListCommand.php(90): Illuminate\\Support\\Collection->map()
#13 /var/www/html/gurukrupafoodproducts/application/vendor/laravel/framework/src/Illuminate/Foundation/Console/RouteListCommand.php(74): Illuminate\\Foundation\\Console\\RouteListCommand->getRoutes()
#14 /var/www/html/gurukrupafoodproducts/application/vendor/laravel/framework/src/Illuminate/Container/BoundMethod.php(36): Illuminate\\Foundation\\Console\\RouteListCommand->handle()
#15 /var/www/html/gurukrupafoodproducts/application/vendor/laravel/framework/src/Illuminate/Container/Util.php(37): Illuminate\\Container\\BoundMethod::Illuminate\\Container\\{closure}()
#16 /var/www/html/gurukrupafoodproducts/application/vendor/laravel/framework/src/Illuminate/Container/BoundMethod.php(93): Illuminate\\Container\\Util::unwrapIfClosure()
#17 /var/www/html/gurukrupafoodproducts/application/vendor/laravel/framework/src/Illuminate/Container/BoundMethod.php(37): Illuminate\\Container\\BoundMethod::callBoundMethod()
#18 /var/www/html/gurukrupafoodproducts/application/vendor/laravel/framework/src/Illuminate/Container/Container.php(590): Illuminate\\Container\\BoundMethod::call()
#19 /var/www/html/gurukrupafoodproducts/application/vendor/laravel/framework/src/Illuminate/Console/Command.php(134): Illuminate\\Container\\Container->call()
#20 /var/www/html/gurukrupafoodproducts/application/vendor/symfony/console/Command/Command.php(255): Illuminate\\Console\\Command->execute()
#21 /var/www/html/gurukrupafoodproducts/application/vendor/laravel/framework/src/Illuminate/Console/Command.php(121): Symfony\\Component\\Console\\Command\\Command->run()
#22 /var/www/html/gurukrupafoodproducts/application/vendor/symfony/console/Application.php(1021): Illuminate\\Console\\Command->run()
#23 /var/www/html/gurukrupafoodproducts/application/vendor/symfony/console/Application.php(275): Symfony\\Component\\Console\\Application->doRunCommand()
#24 /var/www/html/gurukrupafoodproducts/application/vendor/symfony/console/Application.php(149): Symfony\\Component\\Console\\Application->doRun()
#25 /var/www/html/gurukrupafoodproducts/application/vendor/laravel/framework/src/Illuminate/Console/Application.php(93): Symfony\\Component\\Console\\Application->run()
#26 /var/www/html/gurukrupafoodproducts/application/vendor/laravel/framework/src/Illuminate/Foundation/Console/Kernel.php(131): Illuminate\\Console\\Application->run()
#27 /var/www/html/gurukrupafoodproducts/application/artisan(37): Illuminate\\Foundation\\Console\\Kernel->handle()
#28 {main}

[previous exception] [object] (ReflectionException(code: -1): Class App\\Http\\Controllers\\Web\\StockReportsController does not exist at /var/www/html/gurukrupafoodproducts/application/vendor/laravel/framework/src/Illuminate/Container/Container.php:803)
[stacktrace]
#0 /var/www/html/gurukrupafoodproducts/application/vendor/laravel/framework/src/Illuminate/Container/Container.php(803): ReflectionClass->__construct()
#1 /var/www/html/gurukrupafoodproducts/application/vendor/laravel/framework/src/Illuminate/Container/Container.php(681): Illuminate\\Container\\Container->build()
#2 /var/www/html/gurukrupafoodproducts/application/vendor/laravel/framework/src/Illuminate/Foundation/Application.php(787): Illuminate\\Container\\Container->resolve()
#3 /var/www/html/gurukrupafoodproducts/application/vendor/laravel/framework/src/Illuminate/Container/Container.php(629): Illuminate\\Foundation\\Application->resolve()
#4 /var/www/html/gurukrupafoodproducts/application/vendor/laravel/framework/src/Illuminate/Foundation/Application.php(772): Illuminate\\Container\\Container->make()
#5 /var/www/html/gurukrupafoodproducts/application/vendor/laravel/framework/src/Illuminate/Routing/Route.php(233): Illuminate\\Foundation\\Application->make()
#6 /var/www/html/gurukrupafoodproducts/application/vendor/laravel/framework/src/Illuminate/Routing/Route.php(833): Illuminate\\Routing\\Route->getController()
#7 /var/www/html/gurukrupafoodproducts/application/vendor/laravel/framework/src/Illuminate/Routing/Route.php(794): Illuminate\\Routing\\Route->controllerMiddleware()
#8 /var/www/html/gurukrupafoodproducts/application/vendor/laravel/framework/src/Illuminate/Foundation/Console/RouteListCommand.php(173): Illuminate\\Routing\\Route->gatherMiddleware()
#9 /var/www/html/gurukrupafoodproducts/application/vendor/laravel/framework/src/Illuminate/Foundation/Console/RouteListCommand.php(117): Illuminate\\Foundation\\Console\\RouteListCommand->getMiddleware()
#10 /var/www/html/gurukrupafoodproducts/application/vendor/laravel/framework/src/Illuminate/Foundation/Console/RouteListCommand.php(89): Illuminate\\Foundation\\Console\\RouteListCommand->getRouteInformation()
#11 [internal function]: Illuminate\\Foundation\\Console\\RouteListCommand->Illuminate\\Foundation\\Console\\{closure}()
#12 /var/www/html/gurukrupafoodproducts/application/vendor/laravel/framework/src/Illuminate/Support/Collection.php(638): array_map()
#13 /var/www/html/gurukrupafoodproducts/application/vendor/laravel/framework/src/Illuminate/Foundation/Console/RouteListCommand.php(90): Illuminate\\Support\\Collection->map()
#14 /var/www/html/gurukrupafoodproducts/application/vendor/laravel/framework/src/Illuminate/Foundation/Console/RouteListCommand.php(74): Illuminate\\Foundation\\Console\\RouteListCommand->getRoutes()
#15 /var/www/html/gurukrupafoodproducts/application/vendor/laravel/framework/src/Illuminate/Container/BoundMethod.php(36): Illuminate\\Foundation\\Console\\RouteListCommand->handle()
#16 /var/www/html/gurukrupafoodproducts/application/vendor/laravel/framework/src/Illuminate/Container/Util.php(37): Illuminate\\Container\\BoundMethod::Illuminate\\Container\\{closure}()
#17 /var/www/html/gurukrupafoodproducts/application/vendor/laravel/framework/src/Illuminate/Container/BoundMethod.php(93): Illuminate\\Container\\Util::unwrapIfClosure()
#18 /var/www/html/gurukrupafoodproducts/application/vendor/laravel/framework/src/Illuminate/Container/BoundMethod.php(37): Illuminate\\Container\\BoundMethod::callBoundMethod()
#19 /var/www/html/gurukrupafoodproducts/application/vendor/laravel/framework/src/Illuminate/Container/Container.php(590): Illuminate\\Container\\BoundMethod::call()
#20 /var/www/html/gurukrupafoodproducts/application/vendor/laravel/framework/src/Illuminate/Console/Command.php(134): Illuminate\\Container\\Container->call()
#21 /var/www/html/gurukrupafoodproducts/application/vendor/symfony/console/Command/Command.php(255): Illuminate\\Console\\Command->execute()
#22 /var/www/html/gurukrupafoodproducts/application/vendor/laravel/framework/src/Illuminate/Console/Command.php(121): Symfony\\Component\\Console\\Command\\Command->run()
#23 /var/www/html/gurukrupafoodproducts/application/vendor/symfony/console/Application.php(1021): Illuminate\\Console\\Command->run()
#24 /var/www/html/gurukrupafoodproducts/application/vendor/symfony/console/Application.php(275): Symfony\\Component\\Console\\Application->doRunCommand()
#25 /var/www/html/gurukrupafoodproducts/application/vendor/symfony/console/Application.php(149): Symfony\\Component\\Console\\Application->doRun()
#26 /var/www/html/gurukrupafoodproducts/application/vendor/laravel/framework/src/Illuminate/Console/Application.php(93): Symfony\\Component\\Console\\Application->run()
#27 /var/www/html/gurukrupafoodproducts/application/vendor/laravel/framework/src/Illuminate/Foundation/Console/Kernel.php(131): Illuminate\\Console\\Application->run()
#28 /var/www/html/gurukrupafoodproducts/application/artisan(37): Illuminate\\Foundation\\Console\\Kernel->handle()
#29 {main}
"} 
